2020-05-21 09:19:38,963 [Worker-6: Loading available Gradle versions] INFO  o.e.b.c.i.u.g.PublishedGradleVersions - Gradle version information cache is out-of-date. Trying to update.
2020-05-21 09:20:33,850 [Worker-16: Creating project "parctice"] INFO  o.e.m.c.i.l.LifecycleMappingFactory - Using org.eclipse.m2e.jdt.JarLifecycleMapping lifecycle mapping for MavenProject: com.wei:parctice:0.0.1-SNAPSHOT @ C:\Users\Administrator\eclipse-workspace\Practice\parctice\pom.xml.
2020-05-21 09:20:34,332 [Worker-16: Creating project "parctice"] INFO  o.e.m.j.i.AbstractJavaProjectConfigurator - Adding source folder /parctice/src/main/java
2020-05-21 09:20:34,333 [Worker-16: Creating project "parctice"] INFO  o.e.m.j.i.AbstractJavaProjectConfigurator - Adding resource folder /parctice/src/main/resources
2020-05-21 09:20:34,334 [Worker-16: Creating project "parctice"] INFO  o.e.m.j.i.AbstractJavaProjectConfigurator - Adding source folder /parctice/src/test/java
2020-05-21 09:20:34,334 [Worker-16: Creating project "parctice"] INFO  o.e.m.j.i.AbstractJavaProjectConfigurator - Adding resource folder /parctice/src/test/resources
2020-05-21 09:20:35,134 [Worker-1: Building] WARN  o.e.m.c.i.embedder.EclipseLogger - Using platform encoding (GBK actually) to copy filtered resources, i.e. build is platform dependent!
2020-05-21 09:20:35,139 [Worker-1: Building] INFO  o.e.m.c.i.embedder.EclipseLogger - Copying 0 resource
2020-05-21 09:20:35,141 [Worker-1: Building] WARN  o.e.m.c.i.embedder.EclipseLogger - Using platform encoding (GBK actually) to copy filtered resources, i.e. build is platform dependent!
2020-05-21 09:20:35,143 [Worker-1: Building] INFO  o.e.m.c.i.embedder.EclipseLogger - Copying 0 resource
2020-05-21 09:22:23,990 [Worker-1: Building] WARN  o.e.m.c.i.embedder.EclipseLogger - Using platform encoding (GBK actually) to copy filtered resources, i.e. build is platform dependent!
2020-05-21 09:22:24,000 [Worker-1: Building] INFO  o.e.m.c.i.embedder.EclipseLogger - Copying 0 resource
2020-05-21 09:22:24,001 [Worker-1: Building] WARN  o.e.m.c.i.embedder.EclipseLogger - Using platform encoding (GBK actually) to copy filtered resources, i.e. build is platform dependent!
2020-05-21 09:22:24,001 [Worker-1: Building] INFO  o.e.m.c.i.embedder.EclipseLogger - Copying 0 resource
2020-05-21 09:22:50,049 [Worker-21: Building] WARN  o.e.m.c.i.embedder.EclipseLogger - Using platform encoding (GBK actually) to copy filtered resources, i.e. build is platform dependent!
2020-05-21 09:22:50,050 [Worker-21: Building] INFO  o.e.m.c.i.embedder.EclipseLogger - Copying 0 resource
2020-05-21 09:22:50,051 [Worker-21: Building] WARN  o.e.m.c.i.embedder.EclipseLogger - Using platform encoding (GBK actually) to copy filtered resources, i.e. build is platform dependent!
2020-05-21 09:22:50,052 [Worker-21: Building] INFO  o.e.m.c.i.embedder.EclipseLogger - Copying 0 resource
2020-05-21 09:26:30,767 [Worker-21: Building] WARN  o.e.m.c.i.embedder.EclipseLogger - Using platform encoding (GBK actually) to copy filtered resources, i.e. build is platform dependent!
2020-05-21 09:26:30,768 [Worker-21: Building] INFO  o.e.m.c.i.embedder.EclipseLogger - Copying 0 resource
2020-05-21 09:26:30,769 [Worker-21: Building] WARN  o.e.m.c.i.embedder.EclipseLogger - Using platform encoding (GBK actually) to copy filtered resources, i.e. build is platform dependent!
2020-05-21 09:26:30,770 [Worker-21: Building] INFO  o.e.m.c.i.embedder.EclipseLogger - Copying 0 resource
2020-05-21 09:27:00,682 [Worker-14: Launching Test] WARN  o.e.m.c.i.embedder.EclipseLogger - Using platform encoding (GBK actually) to copy filtered resources, i.e. build is platform dependent!
2020-05-21 09:27:00,684 [Worker-14: Launching Test] INFO  o.e.m.c.i.embedder.EclipseLogger - Copying 0 resource
2020-05-21 09:27:00,686 [Worker-14: Launching Test] WARN  o.e.m.c.i.embedder.EclipseLogger - Using platform encoding (GBK actually) to copy filtered resources, i.e. build is platform dependent!
2020-05-21 09:27:00,688 [Worker-14: Launching Test] INFO  o.e.m.c.i.embedder.EclipseLogger - Copying 0 resource
2020-05-21 09:43:34,361 [Worker-28: Building] WARN  o.e.m.c.i.embedder.EclipseLogger - Using platform encoding (GBK actually) to copy filtered resources, i.e. build is platform dependent!
2020-05-21 09:43:34,364 [Worker-28: Building] INFO  o.e.m.c.i.embedder.EclipseLogger - Copying 0 resource
2020-05-21 09:43:34,366 [Worker-28: Building] WARN  o.e.m.c.i.embedder.EclipseLogger - Using platform encoding (GBK actually) to copy filtered resources, i.e. build is platform dependent!
2020-05-21 09:43:34,367 [Worker-28: Building] INFO  o.e.m.c.i.embedder.EclipseLogger - Copying 0 resource
2020-05-21 10:06:17,240 [Worker-38: Building] WARN  o.e.m.c.i.embedder.EclipseLogger - Using platform encoding (GBK actually) to copy filtered resources, i.e. build is platform dependent!
2020-05-21 10:06:17,243 [Worker-38: Building] INFO  o.e.m.c.i.embedder.EclipseLogger - Copying 0 resource
2020-05-21 10:06:17,244 [Worker-38: Building] WARN  o.e.m.c.i.embedder.EclipseLogger - Using platform encoding (GBK actually) to copy filtered resources, i.e. build is platform dependent!
2020-05-21 10:06:17,245 [Worker-38: Building] INFO  o.e.m.c.i.embedder.EclipseLogger - Copying 0 resource
2020-05-21 11:12:59,301 [Worker-51: Launching Main] WARN  o.e.m.c.i.embedder.EclipseLogger - Using platform encoding (GBK actually) to copy filtered resources, i.e. build is platform dependent!
2020-05-21 11:12:59,303 [Worker-51: Launching Main] INFO  o.e.m.c.i.embedder.EclipseLogger - Copying 0 resource
2020-05-21 11:12:59,306 [Worker-51: Launching Main] WARN  o.e.m.c.i.embedder.EclipseLogger - Using platform encoding (GBK actually) to copy filtered resources, i.e. build is platform dependent!
2020-05-21 11:12:59,308 [Worker-51: Launching Main] INFO  o.e.m.c.i.embedder.EclipseLogger - Copying 0 resource
2020-05-21 11:13:37,905 [Worker-53: Launching Main] WARN  o.e.m.c.i.embedder.EclipseLogger - Using platform encoding (GBK actually) to copy filtered resources, i.e. build is platform dependent!
2020-05-21 11:13:37,907 [Worker-53: Launching Main] INFO  o.e.m.c.i.embedder.EclipseLogger - Copying 0 resource
2020-05-21 11:13:37,908 [Worker-53: Launching Main] WARN  o.e.m.c.i.embedder.EclipseLogger - Using platform encoding (GBK actually) to copy filtered resources, i.e. build is platform dependent!
2020-05-21 11:13:37,909 [Worker-53: Launching Main] INFO  o.e.m.c.i.embedder.EclipseLogger - Copying 0 resource
2020-05-21 11:19:02,555 [Worker-54: Building] WARN  o.e.m.c.i.embedder.EclipseLogger - Using platform encoding (GBK actually) to copy filtered resources, i.e. build is platform dependent!
2020-05-21 11:19:02,557 [Worker-54: Building] INFO  o.e.m.c.i.embedder.EclipseLogger - Copying 0 resource
2020-05-21 11:19:02,558 [Worker-54: Building] WARN  o.e.m.c.i.embedder.EclipseLogger - Using platform encoding (GBK actually) to copy filtered resources, i.e. build is platform dependent!
2020-05-21 11:19:02,560 [Worker-54: Building] INFO  o.e.m.c.i.embedder.EclipseLogger - Copying 0 resource
2020-05-21 11:22:44,201 [Worker-60: Launching Test] WARN  o.e.m.c.i.embedder.EclipseLogger - Using platform encoding (GBK actually) to copy filtered resources, i.e. build is platform dependent!
2020-05-21 11:22:44,203 [Worker-60: Launching Test] INFO  o.e.m.c.i.embedder.EclipseLogger - Copying 0 resource
2020-05-21 11:22:44,205 [Worker-60: Launching Test] WARN  o.e.m.c.i.embedder.EclipseLogger - Using platform encoding (GBK actually) to copy filtered resources, i.e. build is platform dependent!
2020-05-21 11:22:44,207 [Worker-60: Launching Test] INFO  o.e.m.c.i.embedder.EclipseLogger - Copying 0 resource
2020-05-21 11:22:57,127 [Worker-59: Launching Test] WARN  o.e.m.c.i.embedder.EclipseLogger - Using platform encoding (GBK actually) to copy filtered resources, i.e. build is platform dependent!
2020-05-21 11:22:57,129 [Worker-59: Launching Test] INFO  o.e.m.c.i.embedder.EclipseLogger - Copying 0 resource
2020-05-21 11:22:57,130 [Worker-59: Launching Test] WARN  o.e.m.c.i.embedder.EclipseLogger - Using platform encoding (GBK actually) to copy filtered resources, i.e. build is platform dependent!
2020-05-21 11:22:57,131 [Worker-59: Launching Test] INFO  o.e.m.c.i.embedder.EclipseLogger - Copying 0 resource
2020-05-21 12:01:51,350 [Worker-71: Launching Main] WARN  o.e.m.c.i.embedder.EclipseLogger - Using platform encoding (GBK actually) to copy filtered resources, i.e. build is platform dependent!
2020-05-21 12:01:51,352 [Worker-71: Launching Main] INFO  o.e.m.c.i.embedder.EclipseLogger - Copying 0 resource
2020-05-21 12:01:51,354 [Worker-71: Launching Main] WARN  o.e.m.c.i.embedder.EclipseLogger - Using platform encoding (GBK actually) to copy filtered resources, i.e. build is platform dependent!
2020-05-21 12:01:51,355 [Worker-71: Launching Main] INFO  o.e.m.c.i.embedder.EclipseLogger - Copying 0 resource
2020-05-21 12:03:21,302 [Worker-67: Launching Main] WARN  o.e.m.c.i.embedder.EclipseLogger - Using platform encoding (GBK actually) to copy filtered resources, i.e. build is platform dependent!
2020-05-21 12:03:21,304 [Worker-67: Launching Main] INFO  o.e.m.c.i.embedder.EclipseLogger - Copying 0 resource
2020-05-21 12:03:21,305 [Worker-67: Launching Main] WARN  o.e.m.c.i.embedder.EclipseLogger - Using platform encoding (GBK actually) to copy filtered resources, i.e. build is platform dependent!
2020-05-21 12:03:21,306 [Worker-67: Launching Main] INFO  o.e.m.c.i.embedder.EclipseLogger - Copying 0 resource
2020-05-21 12:04:09,904 [Worker-71: Launching Main] WARN  o.e.m.c.i.embedder.EclipseLogger - Using platform encoding (GBK actually) to copy filtered resources, i.e. build is platform dependent!
2020-05-21 12:04:09,906 [Worker-71: Launching Main] INFO  o.e.m.c.i.embedder.EclipseLogger - Copying 0 resource
2020-05-21 12:04:09,907 [Worker-71: Launching Main] WARN  o.e.m.c.i.embedder.EclipseLogger - Using platform encoding (GBK actually) to copy filtered resources, i.e. build is platform dependent!
2020-05-21 12:04:09,908 [Worker-71: Launching Main] INFO  o.e.m.c.i.embedder.EclipseLogger - Copying 0 resource
2020-05-21 12:05:08,078 [Worker-67: Launching Main] WARN  o.e.m.c.i.embedder.EclipseLogger - Using platform encoding (GBK actually) to copy filtered resources, i.e. build is platform dependent!
2020-05-21 12:05:08,080 [Worker-67: Launching Main] INFO  o.e.m.c.i.embedder.EclipseLogger - Copying 0 resource
2020-05-21 12:05:08,082 [Worker-67: Launching Main] WARN  o.e.m.c.i.embedder.EclipseLogger - Using platform encoding (GBK actually) to copy filtered resources, i.e. build is platform dependent!
2020-05-21 12:05:08,083 [Worker-67: Launching Main] INFO  o.e.m.c.i.embedder.EclipseLogger - Copying 0 resource
2020-05-21 12:05:29,489 [Worker-73: Launching Main] WARN  o.e.m.c.i.embedder.EclipseLogger - Using platform encoding (GBK actually) to copy filtered resources, i.e. build is platform dependent!
2020-05-21 12:05:29,493 [Worker-73: Launching Main] INFO  o.e.m.c.i.embedder.EclipseLogger - Copying 0 resource
2020-05-21 12:05:29,495 [Worker-73: Launching Main] WARN  o.e.m.c.i.embedder.EclipseLogger - Using platform encoding (GBK actually) to copy filtered resources, i.e. build is platform dependent!
2020-05-21 12:05:29,497 [Worker-73: Launching Main] INFO  o.e.m.c.i.embedder.EclipseLogger - Copying 0 resource
2020-05-21 12:20:02,899 [Worker-76: Building] WARN  o.e.m.c.i.embedder.EclipseLogger - Using platform encoding (GBK actually) to copy filtered resources, i.e. build is platform dependent!
2020-05-21 12:20:02,901 [Worker-76: Building] INFO  o.e.m.c.i.embedder.EclipseLogger - Copying 0 resource
2020-05-21 12:20:02,901 [Worker-76: Building] WARN  o.e.m.c.i.embedder.EclipseLogger - Using platform encoding (GBK actually) to copy filtered resources, i.e. build is platform dependent!
2020-05-21 12:20:02,902 [Worker-76: Building] INFO  o.e.m.c.i.embedder.EclipseLogger - Copying 0 resource
2020-05-21 12:21:10,901 [Worker-72: Launching Main] WARN  o.e.m.c.i.embedder.EclipseLogger - Using platform encoding (GBK actually) to copy filtered resources, i.e. build is platform dependent!
2020-05-21 12:21:10,903 [Worker-72: Launching Main] INFO  o.e.m.c.i.embedder.EclipseLogger - Copying 0 resource
2020-05-21 12:21:10,904 [Worker-72: Launching Main] WARN  o.e.m.c.i.embedder.EclipseLogger - Using platform encoding (GBK actually) to copy filtered resources, i.e. build is platform dependent!
2020-05-21 12:21:10,906 [Worker-72: Launching Main] INFO  o.e.m.c.i.embedder.EclipseLogger - Copying 0 resource
2020-05-21 12:27:23,271 [Worker-72: Launching Main] WARN  o.e.m.c.i.embedder.EclipseLogger - Using platform encoding (GBK actually) to copy filtered resources, i.e. build is platform dependent!
2020-05-21 12:27:23,273 [Worker-72: Launching Main] INFO  o.e.m.c.i.embedder.EclipseLogger - Copying 0 resource
2020-05-21 12:27:23,274 [Worker-72: Launching Main] WARN  o.e.m.c.i.embedder.EclipseLogger - Using platform encoding (GBK actually) to copy filtered resources, i.e. build is platform dependent!
2020-05-21 12:27:23,275 [Worker-72: Launching Main] INFO  o.e.m.c.i.embedder.EclipseLogger - Copying 0 resource
2020-05-21 12:35:27,244 [Worker-76: Building] WARN  o.e.m.c.i.embedder.EclipseLogger - Using platform encoding (GBK actually) to copy filtered resources, i.e. build is platform dependent!
2020-05-21 12:35:27,246 [Worker-76: Building] INFO  o.e.m.c.i.embedder.EclipseLogger - Copying 0 resource
2020-05-21 12:35:27,247 [Worker-76: Building] WARN  o.e.m.c.i.embedder.EclipseLogger - Using platform encoding (GBK actually) to copy filtered resources, i.e. build is platform dependent!
2020-05-21 12:35:27,248 [Worker-76: Building] INFO  o.e.m.c.i.embedder.EclipseLogger - Copying 0 resource
2020-05-21 12:58:16,124 [Worker-88: Launching Main] WARN  o.e.m.c.i.embedder.EclipseLogger - Using platform encoding (GBK actually) to copy filtered resources, i.e. build is platform dependent!
2020-05-21 12:58:16,126 [Worker-88: Launching Main] INFO  o.e.m.c.i.embedder.EclipseLogger - Copying 0 resource
2020-05-21 12:58:16,127 [Worker-88: Launching Main] WARN  o.e.m.c.i.embedder.EclipseLogger - Using platform encoding (GBK actually) to copy filtered resources, i.e. build is platform dependent!
2020-05-21 12:58:16,128 [Worker-88: Launching Main] INFO  o.e.m.c.i.embedder.EclipseLogger - Copying 0 resource
